{
  "RSpec": {
    "coverage": {
      "/Users/charlesren/Desktop/turing_work/3modRepeat/Final_Developer_Applicant/Developer-Applicant-Exercise/simple_public_timeline/public_timeline/config/environment.rb": {
        "lines": [
          null,
          1,
          null,
          null,
          1
        ]
      },
      "/Users/charlesren/Desktop/turing_work/3modRepeat/Final_Developer_Applicant/Developer-Applicant-Exercise/simple_public_timeline/public_timeline/config/application.rb": {
        "lines": [
          1,
          null,
          1,
          null,
          1,
          1,
          1,
          1,
          1,
          1,
          1,
          1,
          1,
          1,
          null,
          null,
          null,
          null,
          1,
          null,
          1,
          1,
          null,
          1,
          null,
          null,
          null,
          null,
          null,
          null,
          null,
          null,
          null,
          null,
          1,
          null,
          null
        ]
      },
      "/Users/charlesren/Desktop/turing_work/3modRepeat/Final_Developer_Applicant/Developer-Applicant-Exercise/simple_public_timeline/public_timeline/config/boot.rb": {
        "lines": [
          1,
          null,
          1,
          1
        ]
      },
      "/Users/charlesren/Desktop/turing_work/3modRepeat/Final_Developer_Applicant/Developer-Applicant-Exercise/simple_public_timeline/public_timeline/config/environments/test.rb": {
        "lines": [
          1,
          null,
          null,
          null,
          null,
          null,
          null,
          1,
          null,
          null,
          null,
          1,
          null,
          null,
          null,
          null,
          1,
          null,
          null,
          1,
          1,
          null,
          null,
          null,
          null,
          1,
          1,
          1,
          null,
          null,
          1,
          null,
          null,
          1,
          null,
          null,
          1,
          null,
          1,
          null,
          null,
          null,
          null,
          1,
          null,
          null,
          1,
          null,
          null,
          1,
          null,
          null,
          1,
          null,
          null,
          null,
          null,
          null,
          null,
          null
        ]
      },
      "/Users/charlesren/Desktop/turing_work/3modRepeat/Final_Developer_Applicant/Developer-Applicant-Exercise/simple_public_timeline/public_timeline/config/initializers/assets.rb": {
        "lines": [
          null,
          null,
          null,
          1,
          null,
          null,
          null,
          null,
          null,
          null,
          null,
          null
        ]
      },
      "/Users/charlesren/Desktop/turing_work/3modRepeat/Final_Developer_Applicant/Developer-Applicant-Exercise/simple_public_timeline/public_timeline/config/initializers/content_security_policy.rb": {
        "lines": [
          null,
          null,
          null,
          null,
          null,
          null,
          null,
          null,
          null,
          null,
          null,
          null,
          null,
          null,
          null,
          null,
          null,
          null,
          null,
          null,
          null,
          null,
          null,
          null,
          null
        ]
      },
      "/Users/charlesren/Desktop/turing_work/3modRepeat/Final_Developer_Applicant/Developer-Applicant-Exercise/simple_public_timeline/public_timeline/config/initializers/filter_parameter_logging.rb": {
        "lines": [
          null,
          null,
          null,
          null,
          null,
          1,
          null,
          null
        ]
      },
      "/Users/charlesren/Desktop/turing_work/3modRepeat/Final_Developer_Applicant/Developer-Applicant-Exercise/simple_public_timeline/public_timeline/config/initializers/inflections.rb": {
        "lines": [
          null,
          null,
          null,
          null,
          null,
          null,
          null,
          null,
          null,
          null,
          null,
          null,
          null,
          null,
          null,
          null
        ]
      },
      "/Users/charlesren/Desktop/turing_work/3modRepeat/Final_Developer_Applicant/Developer-Applicant-Exercise/simple_public_timeline/public_timeline/config/initializers/permissions_policy.rb": {
        "lines": [
          null,
          null,
          null,
          null,
          null,
          null,
          null,
          null,
          null,
          null,
          null
        ]
      },
      "/Users/charlesren/Desktop/turing_work/3modRepeat/Final_Developer_Applicant/Developer-Applicant-Exercise/simple_public_timeline/public_timeline/config/routes.rb": {
        "lines": [
          1,
          null,
          null,
          null,
          null,
          null,
          1,
          null,
          1,
          1,
          null
        ]
      },
      "/Users/charlesren/Desktop/turing_work/3modRepeat/Final_Developer_Applicant/Developer-Applicant-Exercise/simple_public_timeline/public_timeline/app/helpers/application_helper.rb": {
        "lines": [
          1,
          null
        ]
      },
      "/Users/charlesren/Desktop/turing_work/3modRepeat/Final_Developer_Applicant/Developer-Applicant-Exercise/simple_public_timeline/public_timeline/app/controllers/users_controller.rb": {
        "lines": [
          1,
          null,
          1,
          5,
          null,
          null
        ]
      },
      "/Users/charlesren/Desktop/turing_work/3modRepeat/Final_Developer_Applicant/Developer-Applicant-Exercise/simple_public_timeline/public_timeline/app/controllers/application_controller.rb": {
        "lines": [
          1,
          null
        ]
      },
      "/Users/charlesren/Desktop/turing_work/3modRepeat/Final_Developer_Applicant/Developer-Applicant-Exercise/simple_public_timeline/public_timeline/app/facades/user_facade.rb": {
        "lines": [
          1,
          1,
          null,
          1,
          5,
          null,
          5,
          null,
          5,
          100,
          null,
          null,
          null
        ]
      },
      "/Users/charlesren/Desktop/turing_work/3modRepeat/Final_Developer_Applicant/Developer-Applicant-Exercise/simple_public_timeline/public_timeline/app/services/user_service.rb": {
        "lines": [
          1,
          1,
          5,
          null,
          null,
          1,
          5,
          5,
          null,
          null,
          1,
          5,
          null,
          null
        ]
      },
      "/Users/charlesren/Desktop/turing_work/3modRepeat/Final_Developer_Applicant/Developer-Applicant-Exercise/simple_public_timeline/public_timeline/app/poros/post.rb": {
        "lines": [
          1,
          null,
          1,
          1,
          null,
          1,
          100,
          100,
          100,
          100,
          100,
          100,
          100,
          null,
          null,
          1,
          1,
          100,
          100,
          null,
          null,
          1,
          100,
          100,
          100,
          null,
          null
        ]
      }
    },
    "timestamp": 1709569157
  }
}
